/Swagger/index.html.GET took 54ms. User: unknown
/Swagger/v1/swagger.json.GET took 17ms. User: unknown
/Swagger/index.html.GET took 53ms. User: unknown
/Swagger/v1/swagger.json.GET took 17ms. User: unknown
/Swagger/index.html.GET took 0ms. User: unknown
/Swagger/v1/swagger.json.GET took 0ms. User: unknown
/Swagger/index.html.GET took 0ms. User: unknown
/Swagger/v1/swagger.json.GET took 0ms. User: unknown
/Swagger/index.html.GET took 0ms. User: unknown
/Swagger/v1/swagger.json.GET took 0ms. User: unknown
/Swagger/index.html.GET took 0ms. User: unknown
/Swagger/v1/swagger.json.GET took 0ms. User: unknown
/favicon.ico.GET took 376ms. User: unknown
/Swagger.GET took 29ms. User: unknown
/Swagger/index.html.GET took 25ms. User: unknown
/Swagger/swagger-ui.css.GET took 37ms. User: unknown
/Swagger/swagger-ui-standalone-preset.js.GET took 96ms. User: unknown
/Swagger/swagger-ui-bundle.js.GET took 128ms. User: unknown
/Swagger/favicon-32x32.png.GET took 0ms. User: unknown
/Swagger/v1/swagger.json.GET took 18ms. User: unknown
/favicon.ico.GET took 385ms. User: unknown
/Swagger.GET took 2ms. User: unknown
/Swagger/index.html.GET took 25ms. User: unknown
/Swagger/swagger-ui.css.GET took 160ms. User: unknown
/Swagger/swagger-ui-bundle.js.GET took 229ms. User: unknown
/Swagger/favicon-32x32.png.GET took 0ms. User: unknown
/Swagger/index.html.GET took 49ms. User: unknown
/Swagger/v1/swagger.json.GET took 58ms. User: unknown
/Swagger/index.html.GET took 59ms. User: unknown
/Swagger/v1/swagger.json.GET took 56ms. User: unknown
/Swagger/index.html.GET took 54ms. User: unknown
/Swagger/swagger-ui.css.GET took 58ms. User: unknown
/Swagger/swagger-ui-standalone-preset.js.GET took 121ms. User: unknown
/Swagger/swagger-ui-bundle.js.GET took 424ms. User: unknown
/Swagger/favicon-32x32.png.GET took 0ms. User: unknown
/Swagger/v1/swagger.json.GET took 63ms. User: unknown
/Swagger/index.html.GET took 50ms. User: unknown
/Swagger/swagger-ui.css.GET took 18ms. User: unknown
/Swagger/swagger-ui-standalone-preset.js.GET took 27ms. User: unknown
/Swagger/swagger-ui-bundle.js.GET took 68ms. User: unknown
/Swagger/favicon-32x32.png.GET took 0ms. User: unknown
/Swagger/v1/swagger.json.GET took 55ms. User: unknown
/favicon.ico.GET took 81ms. User: unknown
/Swagger/index.html.GET took 50ms. User: unknown
/Swagger/v1/swagger.json.GET took 57ms. User: unknown
/Swagger/index.html.GET took 50ms. User: unknown
/Swagger/swagger-ui.css.GET took 87ms. User: unknown
/Swagger/swagger-ui-standalone-preset.js.GET took 100ms. User: unknown
/Swagger/swagger-ui-bundle.js.GET took 139ms. User: unknown
/Swagger/favicon-32x32.png.GET took 0ms. User: unknown
/Swagger/v1/swagger.json.GET took 58ms. User: unknown
/Swagger/index.html.GET took 59ms. User: unknown
/Swagger/swagger-ui.css.GET took 16ms. User: unknown
/Swagger/swagger-ui-standalone-preset.js.GET took 25ms. User: unknown
/Swagger/swagger-ui-bundle.js.GET took 65ms. User: unknown
/Swagger/favicon-32x32.png.GET took 0ms. User: unknown
/Swagger/v1/swagger.json.GET took 58ms. User: unknown
/login/Login.POST took 971ms. User: unknown
/login/Login.POST took 5ms. User: unknown
/favicon.ico.GET took 108ms. User: unknown
/Swagger/index.html.GET took 24ms. User: unknown
/Swagger/v1/swagger.json.GET took 55ms. User: unknown
/Swagger/index.html.GET took 52ms. User: unknown
/Swagger/v1/swagger.json.GET took 57ms. User: unknown
/Swagger/index.html.GET took 50ms. User: unknown
/Swagger/v1/swagger.json.GET took 77ms. User: unknown
/login/Login.POST took 193ms. User: unknown
/favicon.ico.GET took 519ms. User: unknown
/Swagger.GET took 8ms. User: unknown
/Swagger/index.html.GET took 107ms. User: unknown
/Swagger/swagger-ui.css.GET took 50ms. User: unknown
/Swagger/swagger-ui-standalone-preset.js.GET took 70ms. User: unknown
/Swagger/swagger-ui-bundle.js.GET took 123ms. User: unknown
/Swagger/favicon-32x32.png.GET took 0ms. User: unknown
/Swagger/v1/swagger.json.GET took 225ms. User: unknown
/login/Login.POST took 527ms. User: unknown
